<?xml version="1.0" encoding="UTF-8"?>
<testng-results skipped="0" failed="0" total="1" passed="1">
  <reporter-output>
  </reporter-output>
  <suite name="Default suite" duration-ms="3506" started-at="2018-01-05T06:27:19Z" finished-at="2018-01-05T06:27:23Z">
    <groups>
    </groups>
    <test name="Default test" duration-ms="3506" started-at="2018-01-05T06:27:19Z" finished-at="2018-01-05T06:27:23Z">
      <class name="com.wbl.test.WeatherApiTest">
        <test-method status="PASS" signature="beforeSuit()[pri:0, instance:com.wbl.test.WeatherApiTest@2a2d45ba]" name="beforeSuit" is-config="true" duration-ms="31" started-at="2018-01-04T22:27:19Z" finished-at="2018-01-04T22:27:19Z">
          <reporter-output>
          </reporter-output>
        </test-method> <!-- beforeSuit -->
        <test-method status="PASS" signature="beforeClass()[pri:0, instance:com.wbl.test.WeatherApiTest@2a2d45ba]" name="beforeClass" is-config="true" duration-ms="518" started-at="2018-01-04T22:27:19Z" finished-at="2018-01-04T22:27:20Z">
          <reporter-output>
          </reporter-output>
        </test-method> <!-- beforeClass -->
        <test-method status="PASS" signature="getTest()[pri:0, instance:com.wbl.test.WeatherApiTest@2a2d45ba]" name="getTest" duration-ms="2972" started-at="2018-01-04T22:27:20Z" finished-at="2018-01-04T22:27:23Z">
          <reporter-output>
          </reporter-output>
        </test-method> <!-- getTest -->
      </class> <!-- com.wbl.test.WeatherApiTest -->
    </test> <!-- Default test -->
  </suite> <!-- Default suite -->
</testng-results>
